# JRE version: Java(TM) SE Runtime Environment (8.0_45-b14) (build 1.8.0_45-b14)
# Java VM: Java HotSpot(TM) 64-Bit Server VM (25.45-b02 mixed mode windows-amd64 compressed oops)
Heap:
 PSYoungGen      total 148992K, used 52120K [0x00000000f5580000, 0x0000000100000000, 0x0000000100000000)
  eden space 128512K, 24% used [0x00000000f5580000,0x00000000f74cefc8,0x00000000fd300000)
  from space 20480K, 97% used [0x00000000fec00000,0x00000000fff97110,0x0000000100000000)
  to   space 23040K, 0% used [0x00000000fd300000,0x00000000fd300000,0x00000000fe980000)
 ParOldGen       total 77312K, used 28465K [0x00000000e0000000, 0x00000000e4b80000, 0x00000000f5580000)
  object space 77312K, 36% used [0x00000000e0000000,0x00000000e1bcc548,0x00000000e4b80000)
 Metaspace       used 68822K, capacity 75962K, committed 76288K, reserved 1114112K
  class space    used 8584K, capacity 10721K, committed 10752K, reserved 1048576K
GC Heap History (10 events):
Event: 5.342 GC heap before
{Heap before GC invocations=11 (full 2):
 PSYoungGen      total 148992K, used 148971K [0x00000000f5580000, 0x0000000100000000, 0x0000000100000000)
  eden space 135680K, 100% used [0x00000000f5580000,0x00000000fda00000,0x00000000fda00000)
  from space 13312K, 99% used [0x00000000ff300000,0x00000000ffffae38,0x0000000100000000)
  to   space 19456K, 0% used [0x00000000fda00000,0x00000000fda00000,0x00000000fed00000)
 ParOldGen       total 56320K, used 29329K [0x00000000e0000000, 0x00000000e3700000, 0x00000000f5580000)
  object space 56320K, 52% used [0x00000000e0000000,0x00000000e1ca46d8,0x00000000e3700000)
 Metaspace       used 48355K, capacity 54640K, committed 54912K, reserved 1095680K
  class space    used 6160K, capacity 8014K, committed 8064K, reserved 1048576K
Event: 5.360 GC heap after
Heap after GC invocations=11 (full 2):
 PSYoungGen      total 148992K, used 13013K [0x00000000f5580000, 0x0000000100000000, 0x0000000100000000)
  eden space 135680K, 0% used [0x00000000f5580000,0x00000000f5580000,0x00000000fda00000)
  from space 13312K, 97% used [0x00000000fda00000,0x00000000fe6b56c0,0x00000000fe700000)
  to   space 19968K, 0% used [0x00000000fec80000,0x00000000fec80000,0x0000000100000000)
 ParOldGen       total 56320K, used 29337K [0x00000000e0000000, 0x00000000e3700000, 0x00000000f5580000)
  object space 56320K, 52% used [0x00000000e0000000,0x00000000e1ca66d8,0x00000000e3700000)
 Metaspace       used 48355K, capacity 54640K, committed 54912K, reserved 1095680K
  class space    used 6160K, capacity 8014K, committed 8064K, reserved 1048576K
}
Event: 5.584 GC heap before
{Heap before GC invocations=12 (full 2):
 PSYoungGen      total 148992K, used 148693K [0x00000000f5580000, 0x0000000100000000, 0x0000000100000000)
  eden space 135680K, 100% used [0x00000000f5580000,0x00000000fda00000,0x00000000fda00000)
  from space 13312K, 97% used [0x00000000fda00000,0x00000000fe6b56c0,0x00000000fe700000)
  to   space 19968K, 0% used [0x00000000fec80000,0x00000000fec80000,0x0000000100000000)
 ParOldGen       total 56320K, used 29337K [0x00000000e0000000, 0x00000000e3700000, 0x00000000f5580000)
  object space 56320K, 52% used [0x00000000e0000000,0x00000000e1ca66d8,0x00000000e3700000)
 Metaspace       used 48358K, capacity 54640K, committed 54912K, reserved 1095680K
  class space    used 6160K, capacity 8014K, committed 8064K, reserved 1048576K
Event: 5.609 GC heap after
Heap after GC invocations=12 (full 2):
 PSYoungGen      total 155136K, used 10143K [0x00000000f5580000, 0x0000000100000000, 0x0000000100000000)
  eden space 135168K, 0% used [0x00000000f5580000,0x00000000f5580000,0x00000000fd980000)
  from space 19968K, 50% used [0x00000000fec80000,0x00000000ff667fb0,0x0000000100000000)
  to   space 19456K, 0% used [0x00000000fd980000,0x00000000fd980000,0x00000000fec80000)
 ParOldGen       total 56320K, used 29345K [0x00000000e0000000, 0x00000000e3700000, 0x00000000f5580000)
  object space 56320K, 52% used [0x00000000e0000000,0x00000000e1ca86d8,0x00000000e3700000)
 Metaspace       used 48358K, capacity 54640K, committed 54912K, reserved 1095680K
  class space    used 6160K, capacity 8014K, committed 8064K, reserved 1048576K
}
Event: 5.904 GC heap before
{Heap before GC invocations=13 (full 2):
 PSYoungGen      total 155136K, used 33285K [0x00000000f5580000, 0x0000000100000000, 0x0000000100000000)
  eden space 135168K, 17% used [0x00000000f5580000,0x00000000f6c19840,0x00000000fd980000)
  from space 19968K, 50% used [0x00000000fec80000,0x00000000ff667fb0,0x0000000100000000)
  to   space 19456K, 0% used [0x00000000fd980000,0x00000000fd980000,0x00000000fec80000)
 ParOldGen       total 56320K, used 29345K [0x00000000e0000000, 0x00000000e3700000, 0x00000000f5580000)
  object space 56320K, 52% used [0x00000000e0000000,0x00000000e1ca86d8,0x00000000e3700000)
 Metaspace       used 52670K, capacity 58992K, committed 59160K, reserved 1099776K
  class space    used 6828K, capacity 8726K, committed 8832K, reserved 1048576K
Event: 5.918 GC heap after
Heap after GC invocations=13 (full 2):
 PSYoungGen      total 150016K, used 14451K [0x00000000f5580000, 0x0000000100000000, 0x0000000100000000)
  eden space 135168K, 0% used [0x00000000f5580000,0x00000000f5580000,0x00000000fd980000)
  from space 14848K, 97% used [0x00000000fd980000,0x00000000fe79ce80,0x00000000fe800000)
  to   space 20480K, 0% used [0x00000000fec00000,0x00000000fec00000,0x0000000100000000)
 ParOldGen       total 56320K, used 29353K [0x00000000e0000000, 0x00000000e3700000, 0x00000000f5580000)
  object space 56320K, 52% used [0x00000000e0000000,0x00000000e1caa6d8,0x00000000e3700000)
 Metaspace       used 52670K, capacity 58992K, committed 59160K, reserved 1099776K
  class space    used 6828K, capacity 8726K, committed 8832K, reserved 1048576K
}
Event: 5.918 GC heap before
{Heap before GC invocations=14 (full 3):
 PSYoungGen      total 150016K, used 14451K [0x00000000f5580000, 0x0000000100000000, 0x0000000100000000)
  eden space 135168K, 0% used [0x00000000f5580000,0x00000000f5580000,0x00000000fd980000)
  from space 14848K, 97% used [0x00000000fd980000,0x00000000fe79ce80,0x00000000fe800000)
  to   space 20480K, 0% used [0x00000000fec00000,0x00000000fec00000,0x0000000100000000)
 ParOldGen       total 56320K, used 29353K [0x00000000e0000000, 0x00000000e3700000, 0x00000000f5580000)
  object space 56320K, 52% used [0x00000000e0000000,0x00000000e1caa6d8,0x00000000e3700000)
 Metaspace       used 52670K, capacity 58992K, committed 59160K, reserved 1099776K
  class space    used 6828K, capacity 8726K, committed 8832K, reserved 1048576K
Event: 6.113 GC heap after
Heap after GC invocations=14 (full 3):
 PSYoungGen      total 150016K, used 0K [0x00000000f5580000, 0x0000000100000000, 0x0000000100000000)
  eden space 135168K, 0% used [0x00000000f5580000,0x00000000f5580000,0x00000000fd980000)
  from space 14848K, 0% used [0x00000000fd980000,0x00000000fd980000,0x00000000fe800000)
  to   space 20480K, 0% used [0x00000000fec00000,0x00000000fec00000,0x0000000100000000)
 ParOldGen       total 77312K, used 28457K [0x00000000e0000000, 0x00000000e4b80000, 0x00000000f5580000)
  object space 77312K, 36% used [0x00000000e0000000,0x00000000e1bca548,0x00000000e4b80000)
 Metaspace       used 52670K, capacity 58992K, committed 59160K, reserved 1099776K
  class space    used 6828K, capacity 8726K, committed 8832K, reserved 1048576K
}
Event: 8.787 GC heap before
{Heap before GC invocations=15 (full 3):
 PSYoungGen      total 150016K, used 135168K [0x00000000f5580000, 0x0000000100000000, 0x0000000100000000)
  eden space 135168K, 100% used [0x00000000f5580000,0x00000000fd980000,0x00000000fd980000)
  from space 14848K, 0% used [0x00000000fd980000,0x00000000fd980000,0x00000000fe800000)
  to   space 20480K, 0% used [0x00000000fec00000,0x00000000fec00000,0x0000000100000000)
 ParOldGen       total 77312K, used 28457K [0x00000000e0000000, 0x00000000e4b80000, 0x00000000f5580000)
  object space 77312K, 36% used [0x00000000e0000000,0x00000000e1bca548,0x00000000e4b80000)
 Metaspace       used 68298K, capacity 75376K, committed 75776K, reserved 1114112K
  class space    used 8562K, capacity 10684K, committed 10752K, reserved 1048576K
Event: 8.802 GC heap after
Heap after GC invocations=15 (full 3):
 PSYoungGen      total 148992K, used 20060K [0x00000000f5580000, 0x0000000100000000, 0x0000000100000000)
  eden space 128512K, 0% used [0x00000000f5580000,0x00000000f5580000,0x00000000fd300000)
  from space 20480K, 97% used [0x00000000fec00000,0x00000000fff97110,0x0000000100000000)
  to   space 23040K, 0% used [0x00000000fd300000,0x00000000fd300000,0x00000000fe980000)
 ParOldGen       total 77312K, used 28465K [0x00000000e0000000, 0x00000000e4b80000, 0x00000000f5580000)
  object space 77312K, 36% used [0x00000000e0000000,0x00000000e1bcc548,0x00000000e4b80000)
 Metaspace       used 68298K, capacity 75376K, committed 75776K, reserved 1114112K
  class space    used 8562K, capacity 10684K, committed 10752K, reserved 1048576K
}

